Arlington-Rent-a-Car-master_new/app/build/intermediates/manifest_merge_blame_file/debug/manifest-merger-blame-debug-report.txt
1<?xml version="1.0" encoding="utf-8"?>
2<manifest xmlns:android="http://schemas.android.com/apk/res/android"
3    package="com.example.arlingtonrentacar"
4    android:versionCode="1"
5    android:versionName="1.0" >
6
7    <uses-sdk
8        android:minSdkVersion="16"
8-->src/main/AndroidManifest.xml
9        android:targetSdkVersion="29" />
9-->src/main/AndroidManifest.xml
10
11    <application
11-->src/main/AndroidManifest.xml:5:5-55:19
12        android:allowBackup="true"
12-->src/main/AndroidManifest.xml:6:9-35
13        android:appComponentFactory="androidx.core.app.CoreComponentFactory"
13-->[androidx.core:core:1.3.1] AndroidManifest.xml:24:18-86
14        android:debuggable="true"
15        android:icon="@mipmap/ic_launcher"
15-->src/main/AndroidManifest.xml:7:9-43
16        android:label="@string/app_name"
16-->src/main/AndroidManifest.xml:8:9-41
17        android:roundIcon="@mipmap/ic_launcher_round"
17-->src/main/AndroidManifest.xml:9:9-54
18        android:supportsRtl="true"
18-->src/main/AndroidManifest.xml:10:9-35
19        android:testOnly="true"
20        android:theme="@style/AppTheme" >
20-->src/main/AndroidManifest.xml:11:9-40
21        <activity android:name="com.example.arlingtonrentacar.UserProfile" />
21-->src/main/AndroidManifest.xml:12:9-58
21-->src/main/AndroidManifest.xml:12:19-46
22        <activity android:name="com.example.arlingtonrentacar.ViewSearchUserActivity" />
22-->src/main/AndroidManifest.xml:13:9-60
22-->src/main/AndroidManifest.xml:13:19-57
23        <activity android:name="com.example.arlingtonrentacar.SearchUserActivity" />
23-->src/main/AndroidManifest.xml:14:9-56
23-->src/main/AndroidManifest.xml:14:19-53
24        <activity
24-->src/main/AndroidManifest.xml:15:9-17:53
25            android:name="com.example.arlingtonrentacar.RenterHomeScreen"
25-->src/main/AndroidManifest.xml:16:13-45
26            android:label="@string/renter_screen" />
26-->src/main/AndroidManifest.xml:17:13-50
27        <activity
27-->src/main/AndroidManifest.xml:18:9-20:52
28            android:name="com.example.arlingtonrentacar.AdminHomeScreen"
28-->src/main/AndroidManifest.xml:19:13-44
29            android:label="@string/admin_screen" />
29-->src/main/AndroidManifest.xml:20:13-49
30        <activity
30-->src/main/AndroidManifest.xml:21:9-23:54
31            android:name="com.example.arlingtonrentacar.ManagerHomeScreen"
31-->src/main/AndroidManifest.xml:22:13-46
32            android:label="@string/manager_screen" />
32-->src/main/AndroidManifest.xml:23:13-51
33        <activity
33-->src/main/AndroidManifest.xml:24:9-26:58
34            android:name="com.example.arlingtonrentacar.RequestedCarDetailsActivity"
34-->src/main/AndroidManifest.xml:25:13-56
35            android:label="View Requested Car Details" />
35-->src/main/AndroidManifest.xml:26:13-55
36        <activity
36-->src/main/AndroidManifest.xml:27:9-30:64
37            android:name="com.example.arlingtonrentacar.ViewRequestedCarActivity"
37-->src/main/AndroidManifest.xml:28:13-53
38            android:label="@string/viewRequestedCarActivityLabel"
38-->src/main/AndroidManifest.xml:29:13-66
39            android:parentActivityName="com.example.arlingtonrentacar.RequestCarActivity" />
39-->src/main/AndroidManifest.xml:30:13-61
40        <activity
40-->src/main/AndroidManifest.xml:31:9-34:62
41            android:name="com.example.arlingtonrentacar.RequestCarActivity"
41-->src/main/AndroidManifest.xml:32:13-47
42            android:label="@string/requestCarActivityLabel"
42-->src/main/AndroidManifest.xml:33:13-60
43            android:parentActivityName="com.example.arlingtonrentacar.RenterHomeScreen" />
43-->src/main/AndroidManifest.xml:34:13-59
44        <activity
44-->src/main/AndroidManifest.xml:35:9-38:58
45            android:name="com.example.arlingtonrentacar.RegisterActivity"
45-->src/main/AndroidManifest.xml:36:13-45
46            android:label="@string/registerActivityLabel"
46-->src/main/AndroidManifest.xml:37:13-58
47            android:parentActivityName="com.example.arlingtonrentacar.MainActivity" />
47-->src/main/AndroidManifest.xml:38:13-55
48        <activity
48-->src/main/AndroidManifest.xml:39:9-42:59
49            android:name="com.example.arlingtonrentacar.testactivity"
49-->src/main/AndroidManifest.xml:40:13-41
50            android:label="@string/admin_screen"
50-->src/main/AndroidManifest.xml:41:13-49
51            android:theme="@style/AppTheme.NoActionBar" />
51-->src/main/AndroidManifest.xml:42:13-56
52        <activity
52-->src/main/AndroidManifest.xml:43:9-52:20
53            android:name="com.example.arlingtonrentacar.MainActivity"
53-->src/main/AndroidManifest.xml:44:13-41
54            android:label="@string/app_name"
54-->src/main/AndroidManifest.xml:45:13-45
55            android:theme="@style/AppTheme.NoActionBar" >
55-->src/main/AndroidManifest.xml:46:13-56
56            <intent-filter>
56-->src/main/AndroidManifest.xml:47:13-51:29
57                <action android:name="android.intent.action.MAIN" />
57-->src/main/AndroidManifest.xml:48:17-69
57-->src/main/AndroidManifest.xml:48:25-66
58
59                <category android:name="android.intent.category.LAUNCHER" />
59-->src/main/AndroidManifest.xml:50:17-77
59-->src/main/AndroidManifest.xml:50:27-74
60            </intent-filter>
61        </activity>
62        <activity android:name="com.example.arlingtonrentacar.manager.View_Reservation_Calendar" />
62-->src/main/AndroidManifest.xml:53:9-71
62-->src/main/AndroidManifest.xml:53:19-68
63        <activity android:name="com.example.arlingtonrentacar.manager.View_Reservation_Details" />
63-->src/main/AndroidManifest.xml:54:9-70
63-->src/main/AndroidManifest.xml:54:19-67
64    </application>
65
66</manifest>